<?xml version="1.0" encoding="UTF-8"?>
<!-- Generated by org.testng.reporters.JUnitReportReporter -->
<testsuite hostname="HANUMANT" failures="0" tests="1" name="Com.Actitime.Testscripts.Task_test" time="11.915" errors="0" timestamp="2023-03-31T20:50:16 IST" skipped="0">
  <testcase classname="Com.Actitime.Testscripts.Task_test" name="createCustomer" time="11.915"/>
  <system-out/>
</testsuite> <!-- Com.Actitime.Testscripts.Task_test -->
